<?xml version="1.0" encoding="UTF-8"?>
<!-- Generated by org.testng.reporters.JUnitReportReporter -->
<testsuite hostname="DESKTOP-VD74DVK" name="com.contact.test1.Contact_TC_30Test" tests="1" failures="0" timestamp="26 Dec 2019 18:02:03 GMT" time="89.501" errors="0">
  <testcase name="SelectmultipleContactAndDeleteMassContactWithHeaderAndCancel" time="89.501" classname="com.contact.test1.Contact_TC_30Test"/>
</testsuite> <!-- com.contact.test1.Contact_TC_30Test -->
