<?xml version="1.0" encoding="UTF-8"?>
<!-- Generated by org.testng.reporters.JUnitReportReporter -->
<testsuite hostname="DESKTOP-VD74DVK" name="com.contact.test1.Contact_TC_21Test" tests="1" failures="0" timestamp="26 Dec 2019 18:24:44 GMT" time="57.854" errors="0">
  <testcase name="createcontactwithAdministratorTest" time="57.854" classname="com.contact.test1.Contact_TC_21Test"/>
</testsuite> <!-- com.contact.test1.Contact_TC_21Test -->
