<?xml version="1.0" encoding="UTF-8"?>
<!-- Generated by org.testng.reporters.JUnitReportReporter -->
<testsuite hostname="DESKTOP-VD74DVK" name="com.contact.test1.Contact_TC_27Test" tests="1" failures="0" timestamp="26 Dec 2019 18:02:04 GMT" time="58.865" errors="0">
  <testcase name="SelectContactAndDeleteOneContactWithHeaderDeleteAndCancel" time="58.865" classname="com.contact.test1.Contact_TC_27Test"/>
</testsuite> <!-- com.contact.test1.Contact_TC_27Test -->
