<?xml version="1.0" encoding="UTF-8"?>
<!-- Generated by org.testng.reporters.JUnitReportReporter -->
<testsuite hostname="DESKTOP-VD74DVK" name="com.contact.test1.Contact_TC_29Test" tests="1" failures="0" timestamp="26 Dec 2019 18:02:03 GMT" time="79.573" errors="0">
  <testcase name="SelectmultipleContactAndDeleteMassContactWithFooter" time="79.573" classname="com.contact.test1.Contact_TC_29Test"/>
</testsuite> <!-- com.contact.test1.Contact_TC_29Test -->
