<?xml version="1.0" encoding="UTF-8"?>
<!-- Generated by org.testng.reporters.JUnitReportReporter -->
<testsuite hostname="DESKTOP-VD74DVK" name="com.contact.test1.Contact_TC_24Test" tests="1" failures="0" timestamp="26 Dec 2019 18:02:03 GMT" time="67.412" errors="0">
  <testcase name="SelectContactAndDeleteOneContactWithHeaderDelete" time="67.412" classname="com.contact.test1.Contact_TC_24Test"/>
</testsuite> <!-- com.contact.test1.Contact_TC_24Test -->
