<?xml version="1.0" encoding="UTF-8"?>
<!-- Generated by org.testng.reporters.JUnitReportReporter -->
<testsuite hostname="DESKTOP-VD74DVK" name="com.contact.test1.Contact_TC_26Test" tests="1" failures="0" timestamp="26 Dec 2019 18:24:44 GMT" time="62.993" errors="0">
  <testcase name="SelectContactAndDeleteOneContactWithFooterDelete" time="62.993" classname="com.contact.test1.Contact_TC_26Test"/>
</testsuite> <!-- com.contact.test1.Contact_TC_26Test -->
