<?xml version="1.0" encoding="UTF-8"?>
<!-- Generated by org.testng.reporters.JUnitReportReporter -->
<testsuite hostname="DESKTOP-VD74DVK" name="com.contact.test1.Contact_TC_21Test" tests="1" failures="0" timestamp="27 Dec 2019 02:26:15 GMT" time="119.534" errors="0">
  <testcase name="createcontactwithAdministratorTest" time="119.534" classname="com.contact.test1.Contact_TC_21Test"/>
</testsuite> <!-- com.contact.test1.Contact_TC_21Test -->
