<?xml version="1.0" encoding="UTF-8"?>
<!-- Generated by org.testng.reporters.JUnitReportReporter -->
<testsuite hostname="DESKTOP-VD74DVK" name="com.contact.test1.Contact_TC_28Test" tests="1" failures="0" timestamp="26 Dec 2019 18:02:04 GMT" time="80.219" errors="0">
  <testcase name="SelectmultipleContactAndDeleteMassContactWithHeader" time="80.219" classname="com.contact.test1.Contact_TC_28Test"/>
</testsuite> <!-- com.contact.test1.Contact_TC_28Test -->
